<?xml version="1.0" encoding="UTF-8"?>
<!-- Generated by org.testng.reporters.JUnitReportReporter -->
<testsuite hostname="LAPTOP-62P1RBS3" failures="0" tests="1" name="TestNG.test1" time="0.012" errors="0" timestamp="2023-07-29T07:27:59 IST" skipped="0">
  <testcase classname="TestNG.test1" name="test1" time="0.012"/>
</testsuite> <!-- TestNG.test1 -->
