<?xml version="1.0" encoding="UTF-8"?>
<!-- Generated by org.testng.reporters.JUnitReportReporter -->
<testsuite hostname="LAPTOP-62P1RBS3" failures="0" tests="1" name="TestNG.facebook" time="88.780" errors="0" timestamp="2023-07-29T07:52:05 IST" skipped="0">
  <testcase classname="TestNG.facebook" name="fb" time="88.780"/>
</testsuite> <!-- TestNG.facebook -->
