<?xml version="1.0" encoding="UTF-8"?>
<!-- Generated by org.testng.reporters.JUnitReportReporter -->
<testsuite hostname="LAPTOP-62P1RBS3" failures="0" tests="1" name="TestNG.testNG" time="0.014" errors="0" timestamp="2023-07-28T07:54:34 IST" skipped="0">
  <testcase classname="TestNG.testNG" name="test3" time="0.014"/>
</testsuite> <!-- TestNG.testNG -->
